::1 - - [22/May/2013:19:25:08 +0530] "GET / HTTP/1.1" 200 2036 "-"
::1 - - [22/May/2013:19:25:08 +0530] "GET /scripts/zepto.js HTTP/1.1" 200 48107 "http://localhost:8888/"
::1 - - [22/May/2013:19:25:08 +0530] "GET /scripts/bridge.js HTTP/1.1" 200 5466 "http://localhost:8888/"
::1 - - [22/May/2013:19:25:08 +0530] "GET /scripts/underscore.js HTTP/1.1" 200 37390 "http://localhost:8888/"
::1 - - [22/May/2013:19:25:08 +0530] "GET /scripts/ICanHaz.js HTTP/1.1" 200 16135 "http://localhost:8888/"
::1 - - [22/May/2013:19:25:08 +0530] "GET /scripts/init.js HTTP/1.1" 200 363 "http://localhost:8888/"
::1 - - [22/May/2013:19:25:08 +0530] "GET /scripts/alert.web.js HTTP/1.1" 200 635 "http://localhost:8888/"
::1 - - [22/May/2013:19:25:08 +0530] "GET /scripts/shell.js HTTP/1.1" 200 1071 "http://localhost:8888/"
::1 - - [22/May/2013:19:25:08 +0530] "GET /scripts/page.conversionForm.js HTTP/1.1" 200 1998 "http://localhost:8888/"
::1 - - [22/May/2013:19:25:08 +0530] "GET /scripts/pageHelper.js HTTP/1.1" 200 643 "http://localhost:8888/"
::1 - - [22/May/2013:19:25:08 +0530] "GET /scripts/alert.js HTTP/1.1" 200 577 "http://localhost:8888/"
::1 - - [22/May/2013:19:25:08 +0530] "GET /scripts/controller.converter.js HTTP/1.1" 200 2513 "http://localhost:8888/"
::1 - - [22/May/2013:19:25:08 +0530] "GET /scripts/init.converter.js HTTP/1.1" 200 492 "http://localhost:8888/"
::1 - - [22/May/2013:19:25:08 +0530] "GET /scripts/env.js HTTP/1.1" 200 354 "http://localhost:8888/"
::1 - - [22/May/2013:19:25:08 +0530] "GET /scripts/calatrava.js HTTP/1.1" 200 8639 "http://localhost:8888/"
::1 - - [22/May/2013:19:25:11 +0530] "GET / HTTP/1.1" 200 2036 "-"
::1 - - [22/May/2013:19:25:11 +0530] "GET /scripts/zepto.js HTTP/1.1" 304 - "http://localhost:8888/"
::1 - - [22/May/2013:19:25:11 +0530] "GET /scripts/ICanHaz.js HTTP/1.1" 304 - "http://localhost:8888/"
::1 - - [22/May/2013:19:25:11 +0530] "GET /scripts/underscore.js HTTP/1.1" 304 - "http://localhost:8888/"
::1 - - [22/May/2013:19:25:11 +0530] "GET /scripts/bridge.js HTTP/1.1" 304 - "http://localhost:8888/"
::1 - - [22/May/2013:19:25:11 +0530] "GET /scripts/init.js HTTP/1.1" 304 - "http://localhost:8888/"
::1 - - [22/May/2013:19:25:11 +0530] "GET /scripts/calatrava.js HTTP/1.1" 304 - "http://localhost:8888/"
::1 - - [22/May/2013:19:25:11 +0530] "GET /scripts/alert.web.js HTTP/1.1" 304 - "http://localhost:8888/"
::1 - - [22/May/2013:19:25:11 +0530] "GET /scripts/shell.js HTTP/1.1" 304 - "http://localhost:8888/"
::1 - - [22/May/2013:19:25:11 +0530] "GET /scripts/page.conversionForm.js HTTP/1.1" 304 - "http://localhost:8888/"
::1 - - [22/May/2013:19:25:11 +0530] "GET /scripts/pageHelper.js HTTP/1.1" 304 - "http://localhost:8888/"
::1 - - [22/May/2013:19:25:11 +0530] "GET /scripts/alert.js HTTP/1.1" 304 - "http://localhost:8888/"
::1 - - [22/May/2013:19:25:11 +0530] "GET /scripts/controller.converter.js HTTP/1.1" 304 - "http://localhost:8888/"
::1 - - [22/May/2013:19:25:11 +0530] "GET /scripts/init.converter.js HTTP/1.1" 304 - "http://localhost:8888/"
::1 - - [22/May/2013:19:25:11 +0530] "GET /scripts/env.js HTTP/1.1" 304 - "http://localhost:8888/"
::1 - - [22/May/2013:19:25:19 +0530] "OPTIONS * HTTP/1.0" 200 - "-"
::1 - - [22/May/2013:19:25:20 +0530] "OPTIONS * HTTP/1.0" 200 - "-"
::1 - - [23/May/2013:23:57:22 +0530] "GET / HTTP/1.1" 200 2036 "-"
::1 - - [23/May/2013:23:57:22 +0530] "GET /scripts/zepto.js HTTP/1.1" 200 48107 "http://localhost:8888/"
::1 - - [23/May/2013:23:57:22 +0530] "GET /scripts/bridge.js HTTP/1.1" 304 - "http://localhost:8888/"
::1 - - [23/May/2013:23:57:22 +0530] "GET /scripts/ICanHaz.js HTTP/1.1" 200 16135 "http://localhost:8888/"
::1 - - [23/May/2013:23:57:22 +0530] "GET /scripts/init.js HTTP/1.1" 304 - "http://localhost:8888/"
::1 - - [23/May/2013:23:57:22 +0530] "GET /scripts/calatrava.js HTTP/1.1" 304 - "http://localhost:8888/"
::1 - - [23/May/2013:23:57:22 +0530] "GET /scripts/underscore.js HTTP/1.1" 200 37390 "http://localhost:8888/"
::1 - - [23/May/2013:23:57:22 +0530] "GET /scripts/alert.web.js HTTP/1.1" 304 - "http://localhost:8888/"
::1 - - [23/May/2013:23:57:22 +0530] "GET /scripts/shell.js HTTP/1.1" 304 - "http://localhost:8888/"
::1 - - [23/May/2013:23:57:22 +0530] "GET /scripts/page.conversionForm.js HTTP/1.1" 304 - "http://localhost:8888/"
::1 - - [23/May/2013:23:57:22 +0530] "GET /scripts/pageHelper.js HTTP/1.1" 304 - "http://localhost:8888/"
::1 - - [23/May/2013:23:57:22 +0530] "GET /scripts/controller.converter.js HTTP/1.1" 304 - "http://localhost:8888/"
::1 - - [23/May/2013:23:57:22 +0530] "GET /scripts/alert.js HTTP/1.1" 304 - "http://localhost:8888/"
::1 - - [23/May/2013:23:57:22 +0530] "GET /scripts/init.converter.js HTTP/1.1" 304 - "http://localhost:8888/"
::1 - - [23/May/2013:23:57:22 +0530] "GET /scripts/env.js HTTP/1.1" 200 354 "http://localhost:8888/"
::1 - - [24/May/2013:20:24:53 +0530] "GET / HTTP/1.1" 200 2036 "-"
::1 - - [24/May/2013:20:24:53 +0530] "GET /scripts/zepto.js HTTP/1.1" 200 48107 "http://localhost:8888/"
::1 - - [24/May/2013:20:24:53 +0530] "GET /scripts/ICanHaz.js HTTP/1.1" 200 16135 "http://localhost:8888/"
::1 - - [24/May/2013:20:24:53 +0530] "GET /scripts/underscore.js HTTP/1.1" 200 37390 "http://localhost:8888/"
::1 - - [24/May/2013:20:24:53 +0530] "GET /scripts/bridge.js HTTP/1.1" 304 - "http://localhost:8888/"
::1 - - [24/May/2013:20:24:53 +0530] "GET /scripts/init.js HTTP/1.1" 304 - "http://localhost:8888/"
::1 - - [24/May/2013:20:24:53 +0530] "GET /scripts/calatrava.js HTTP/1.1" 304 - "http://localhost:8888/"
::1 - - [24/May/2013:20:24:53 +0530] "GET /scripts/alert.web.js HTTP/1.1" 304 - "http://localhost:8888/"
::1 - - [24/May/2013:20:24:53 +0530] "GET /scripts/shell.js HTTP/1.1" 304 - "http://localhost:8888/"
::1 - - [24/May/2013:20:24:53 +0530] "GET /scripts/page.conversionForm.js HTTP/1.1" 304 - "http://localhost:8888/"
::1 - - [24/May/2013:20:24:53 +0530] "GET /scripts/pageHelper.js HTTP/1.1" 304 - "http://localhost:8888/"
::1 - - [24/May/2013:20:24:53 +0530] "GET /scripts/controller.converter.js HTTP/1.1" 304 - "http://localhost:8888/"
::1 - - [24/May/2013:20:24:53 +0530] "GET /scripts/alert.js HTTP/1.1" 304 - "http://localhost:8888/"
::1 - - [24/May/2013:20:24:53 +0530] "GET /scripts/env.js HTTP/1.1" 200 354 "http://localhost:8888/"
::1 - - [24/May/2013:20:24:53 +0530] "GET /scripts/init.converter.js HTTP/1.1" 304 - "http://localhost:8888/"
fe80::1 - - [25/May/2013:20:19:14 +0530] "GET / HTTP/1.1" 200 2186 "-"
fe80::1 - - [25/May/2013:20:19:14 +0530] "GET /scripts/zepto.js HTTP/1.1" 200 48107 "http://localhost:8888/"
fe80::1 - - [25/May/2013:20:19:14 +0530] "GET /scripts/underscore.js HTTP/1.1" 200 37390 "http://localhost:8888/"
fe80::1 - - [25/May/2013:20:19:14 +0530] "GET /scripts/ICanHaz.js HTTP/1.1" 200 16135 "http://localhost:8888/"
fe80::1 - - [25/May/2013:20:19:14 +0530] "GET /scripts/init.js HTTP/1.1" 304 - "http://localhost:8888/"
fe80::1 - - [25/May/2013:20:19:14 +0530] "GET /scripts/calatrava.js HTTP/1.1" 304 - "http://localhost:8888/"
fe80::1 - - [25/May/2013:20:19:14 +0530] "GET /scripts/bridge.js HTTP/1.1" 304 - "http://localhost:8888/"
fe80::1 - - [25/May/2013:20:19:14 +0530] "GET /scripts/alert.web.js HTTP/1.1" 304 - "http://localhost:8888/"
fe80::1 - - [25/May/2013:20:19:14 +0530] "GET /scripts/shell.js HTTP/1.1" 304 - "http://localhost:8888/"
fe80::1 - - [25/May/2013:20:19:14 +0530] "GET /scripts/page.conversionForm.js HTTP/1.1" 304 - "http://localhost:8888/"
fe80::1 - - [25/May/2013:20:19:14 +0530] "GET /scripts/alert.js HTTP/1.1" 304 - "http://localhost:8888/"
fe80::1 - - [25/May/2013:20:19:14 +0530] "GET /scripts/init.converter.js HTTP/1.1" 200 562 "http://localhost:8888/"
fe80::1 - - [25/May/2013:20:19:14 +0530] "GET /scripts/controller.converter.js HTTP/1.1" 200 2563 "http://localhost:8888/"
fe80::1 - - [25/May/2013:20:19:14 +0530] "GET /scripts/pageHelper.js HTTP/1.1" 304 - "http://localhost:8888/"
fe80::1 - - [25/May/2013:20:19:14 +0530] "GET /scripts/env.js HTTP/1.1" 200 354 "http://localhost:8888/"
fe80::1 - - [25/May/2013:20:19:14 +0530] "GET /scripts/page.successPage.js HTTP/1.1" 200 844 "http://localhost:8888/"
fe80::1 - - [25/May/2013:20:19:14 +0530] "GET /favicon.ico HTTP/1.1" 404 209 "http://localhost:8888/"
::1 - - [25/May/2013:20:19:22 +0530] "OPTIONS * HTTP/1.0" 200 - "-"
::1 - - [25/May/2013:20:19:23 +0530] "OPTIONS * HTTP/1.0" 200 - "-"
